<?xml version="1.0" encoding="UTF-8"?>
<testsuite xmlns:xsi="http://www.w3.org/2001/XMLSchema-instance" xsi:noNamespaceSchemaLocation="https://maven.apache.org/surefire/maven-surefire-plugin/xsd/surefire-test-report.xsd" name="cn.siwen.cloud.DemoApplicationTests" time="1.304" tests="1" errors="0" skipped="0" failures="0">
  <properties>
    <property name="sun.desktop" value="windows"/>
    <property name="awt.toolkit" value="sun.awt.windows.WToolkit"/>
    <property name="file.encoding.pkg" value="sun.io"/>
    <property name="java.specification.version" value="1.8"/>
    <property name="sun.cpu.isalist" value="amd64"/>
    <property name="sun.jnu.encoding" value="GBK"/>
    <property name="java.class.path" value="E:\01Test File\springcloud\cloud-common\target\test-classes;E:\01Test File\springcloud\cloud-common\target\classes;E:\T1810 xing\apache-maven-3.6.3\project\org\springframework\boot\spring-boot-starter-web\2.3.5.RELEASE\spring-boot-starter-web-2.3.5.RELEASE.jar;E:\T1810 xing\apache-maven-3.6.3\project\org\springframework\boot\spring-boot-starter\2.3.5.RELEASE\spring-boot-starter-2.3.5.RELEASE.jar;E:\T1810 xing\apache-maven-3.6.3\project\org\springframework\boot\spring-boot-starter-logging\2.3.5.RELEASE\spring-boot-starter-logging-2.3.5.RELEASE.jar;E:\T1810 xing\apache-maven-3.6.3\project\ch\qos\logback\logback-classic\1.2.3\logback-classic-1.2.3.jar;E:\T1810 xing\apache-maven-3.6.3\project\ch\qos\logback\logback-core\1.2.3\logback-core-1.2.3.jar;E:\T1810 xing\apache-maven-3.6.3\project\org\apache\logging\log4j\log4j-to-slf4j\2.13.3\log4j-to-slf4j-2.13.3.jar;E:\T1810 xing\apache-maven-3.6.3\project\org\apache\logging\log4j\log4j-api\2.13.3\log4j-api-2.13.3.jar;E:\T1810 xing\apache-maven-3.6.3\project\org\slf4j\jul-to-slf4j\1.7.30\jul-to-slf4j-1.7.30.jar;E:\T1810 xing\apache-maven-3.6.3\project\jakarta\annotation\jakarta.annotation-api\1.3.5\jakarta.annotation-api-1.3.5.jar;E:\T1810 xing\apache-maven-3.6.3\project\org\yaml\snakeyaml\1.26\snakeyaml-1.26.jar;E:\T1810 xing\apache-maven-3.6.3\project\org\springframework\boot\spring-boot-starter-json\2.3.5.RELEASE\spring-boot-starter-json-2.3.5.RELEASE.jar;E:\T1810 xing\apache-maven-3.6.3\project\com\fasterxml\jackson\core\jackson-databind\2.11.3\jackson-databind-2.11.3.jar;E:\T1810 xing\apache-maven-3.6.3\project\com\fasterxml\jackson\core\jackson-annotations\2.11.3\jackson-annotations-2.11.3.jar;E:\T1810 xing\apache-maven-3.6.3\project\com\fasterxml\jackson\core\jackson-core\2.11.3\jackson-core-2.11.3.jar;E:\T1810 xing\apache-maven-3.6.3\project\com\fasterxml\jackson\datatype\jackson-datatype-jdk8\2.11.3\jackson-datatype-jdk8-2.11.3.jar;E:\T1810 xing\apache-maven-3.6.3\project\com\fasterxml\jackson\datatype\jackson-datatype-jsr310\2.11.3\jackson-datatype-jsr310-2.11.3.jar;E:\T1810 xing\apache-maven-3.6.3\project\com\fasterxml\jackson\module\jackson-module-parameter-names\2.11.3\jackson-module-parameter-names-2.11.3.jar;E:\T1810 xing\apache-maven-3.6.3\project\org\springframework\boot\spring-boot-starter-tomcat\2.3.5.RELEASE\spring-boot-starter-tomcat-2.3.5.RELEASE.jar;E:\T1810 xing\apache-maven-3.6.3\project\org\apache\tomcat\embed\tomcat-embed-core\9.0.39\tomcat-embed-core-9.0.39.jar;E:\T1810 xing\apache-maven-3.6.3\project\org\glassfish\jakarta.el\3.0.3\jakarta.el-3.0.3.jar;E:\T1810 xing\apache-maven-3.6.3\project\org\apache\tomcat\embed\tomcat-embed-websocket\9.0.39\tomcat-embed-websocket-9.0.39.jar;E:\T1810 xing\apache-maven-3.6.3\project\org\springframework\spring-web\5.2.10.RELEASE\spring-web-5.2.10.RELEASE.jar;E:\T1810 xing\apache-maven-3.6.3\project\org\springframework\spring-beans\5.2.10.RELEASE\spring-beans-5.2.10.RELEASE.jar;E:\T1810 xing\apache-maven-3.6.3\project\org\springframework\spring-webmvc\5.2.10.RELEASE\spring-webmvc-5.2.10.RELEASE.jar;E:\T1810 xing\apache-maven-3.6.3\project\org\springframework\spring-aop\5.2.10.RELEASE\spring-aop-5.2.10.RELEASE.jar;E:\T1810 xing\apache-maven-3.6.3\project\org\springframework\spring-context\5.2.10.RELEASE\spring-context-5.2.10.RELEASE.jar;E:\T1810 xing\apache-maven-3.6.3\project\org\springframework\spring-expression\5.2.10.RELEASE\spring-expression-5.2.10.RELEASE.jar;E:\T1810 xing\apache-maven-3.6.3\project\org\springframework\boot\spring-boot-starter-test\2.3.5.RELEASE\spring-boot-starter-test-2.3.5.RELEASE.jar;E:\T1810 xing\apache-maven-3.6.3\project\org\springframework\boot\spring-boot-test\2.3.5.RELEASE\spring-boot-test-2.3.5.RELEASE.jar;E:\T1810 xing\apache-maven-3.6.3\project\org\springframework\boot\spring-boot-test-autoconfigure\2.3.5.RELEASE\spring-boot-test-autoconfigure-2.3.5.RELEASE.jar;E:\T1810 xing\apache-maven-3.6.3\project\com\jayway\jsonpath\json-path\2.4.0\json-path-2.4.0.jar;E:\T1810 xing\apache-maven-3.6.3\project\net\minidev\json-smart\2.3\json-smart-2.3.jar;E:\T1810 xing\apache-maven-3.6.3\project\net\minidev\accessors-smart\1.2\accessors-smart-1.2.jar;E:\T1810 xing\apache-maven-3.6.3\project\org\ow2\asm\asm\5.0.4\asm-5.0.4.jar;E:\T1810 xing\apache-maven-3.6.3\project\org\slf4j\slf4j-api\1.7.30\slf4j-api-1.7.30.jar;E:\T1810 xing\apache-maven-3.6.3\project\jakarta\xml\bind\jakarta.xml.bind-api\2.3.3\jakarta.xml.bind-api-2.3.3.jar;E:\T1810 xing\apache-maven-3.6.3\project\jakarta\activation\jakarta.activation-api\1.2.2\jakarta.activation-api-1.2.2.jar;E:\T1810 xing\apache-maven-3.6.3\project\org\assertj\assertj-core\3.16.1\assertj-core-3.16.1.jar;E:\T1810 xing\apache-maven-3.6.3\project\org\hamcrest\hamcrest\2.2\hamcrest-2.2.jar;E:\T1810 xing\apache-maven-3.6.3\project\org\junit\jupiter\junit-jupiter\5.6.3\junit-jupiter-5.6.3.jar;E:\T1810 xing\apache-maven-3.6.3\project\org\junit\jupiter\junit-jupiter-api\5.6.3\junit-jupiter-api-5.6.3.jar;E:\T1810 xing\apache-maven-3.6.3\project\org\apiguardian\apiguardian-api\1.1.0\apiguardian-api-1.1.0.jar;E:\T1810 xing\apache-maven-3.6.3\project\org\opentest4j\opentest4j\1.2.0\opentest4j-1.2.0.jar;E:\T1810 xing\apache-maven-3.6.3\project\org\junit\platform\junit-platform-commons\1.6.3\junit-platform-commons-1.6.3.jar;E:\T1810 xing\apache-maven-3.6.3\project\org\junit\jupiter\junit-jupiter-params\5.6.3\junit-jupiter-params-5.6.3.jar;E:\T1810 xing\apache-maven-3.6.3\project\org\junit\jupiter\junit-jupiter-engine\5.6.3\junit-jupiter-engine-5.6.3.jar;E:\T1810 xing\apache-maven-3.6.3\project\org\junit\platform\junit-platform-engine\1.6.3\junit-platform-engine-1.6.3.jar;E:\T1810 xing\apache-maven-3.6.3\project\org\mockito\mockito-core\3.3.3\mockito-core-3.3.3.jar;E:\T1810 xing\apache-maven-3.6.3\project\net\bytebuddy\byte-buddy\1.10.17\byte-buddy-1.10.17.jar;E:\T1810 xing\apache-maven-3.6.3\project\net\bytebuddy\byte-buddy-agent\1.10.17\byte-buddy-agent-1.10.17.jar;E:\T1810 xing\apache-maven-3.6.3\project\org\objenesis\objenesis\2.6\objenesis-2.6.jar;E:\T1810 xing\apache-maven-3.6.3\project\org\mockito\mockito-junit-jupiter\3.3.3\mockito-junit-jupiter-3.3.3.jar;E:\T1810 xing\apache-maven-3.6.3\project\org\skyscreamer\jsonassert\1.5.0\jsonassert-1.5.0.jar;E:\T1810 xing\apache-maven-3.6.3\project\com\vaadin\external\google\android-json\0.0.20131108.vaadin1\android-json-0.0.20131108.vaadin1.jar;E:\T1810 xing\apache-maven-3.6.3\project\org\springframework\spring-core\5.2.10.RELEASE\spring-core-5.2.10.RELEASE.jar;E:\T1810 xing\apache-maven-3.6.3\project\org\springframework\spring-jcl\5.2.10.RELEASE\spring-jcl-5.2.10.RELEASE.jar;E:\T1810 xing\apache-maven-3.6.3\project\org\springframework\spring-test\5.2.10.RELEASE\spring-test-5.2.10.RELEASE.jar;E:\T1810 xing\apache-maven-3.6.3\project\org\xmlunit\xmlunit-core\2.7.0\xmlunit-core-2.7.0.jar;E:\T1810 xing\apache-maven-3.6.3\project\org\projectlombok\lombok\1.18.16\lombok-1.18.16.jar;E:\T1810 xing\apache-maven-3.6.3\project\org\springframework\boot\spring-boot-devtools\2.3.5.RELEASE\spring-boot-devtools-2.3.5.RELEASE.jar;E:\T1810 xing\apache-maven-3.6.3\project\org\springframework\boot\spring-boot\2.3.5.RELEASE\spring-boot-2.3.5.RELEASE.jar;E:\T1810 xing\apache-maven-3.6.3\project\org\springframework\boot\spring-boot-autoconfigure\2.3.5.RELEASE\spring-boot-autoconfigure-2.3.5.RELEASE.jar;E:\T1810 xing\apache-maven-3.6.3\project\cn\hutool\hutool-all\5.1.0\hutool-all-5.1.0.jar;"/>
    <property name="java.vm.vendor" value="Oracle Corporation"/>
    <property name="sun.arch.data.model" value="64"/>
    <property name="user.variant" value=""/>
    <property name="java.vendor.url" value="http://java.oracle.com/"/>
    <property name="user.timezone" value="Asia/Shanghai"/>
    <property name="java.vm.specification.version" value="1.8"/>
    <property name="os.name" value="Windows 10"/>
    <property name="user.country" value="CN"/>
    <property name="sun.java.launcher" value="SUN_STANDARD"/>
    <property name="sun.boot.library.path" value="D:\Program Files\jdk1.8\jre\bin"/>
    <property name="sun.java.command" value="C:\Users\ADMINI~1\AppData\Local\Temp\surefire672630344938719798\surefirebooter827227302440604727.jar C:\Users\Administrator\AppData\Local\Temp\surefire672630344938719798 2020-11-04T11-24-24_162-jvmRun1 surefire4122622697329880992tmp surefire_05067968630888100222tmp"/>
    <property name="surefire.test.class.path" value="E:\01Test File\springcloud\cloud-common\target\test-classes;E:\01Test File\springcloud\cloud-common\target\classes;E:\T1810 xing\apache-maven-3.6.3\project\org\springframework\boot\spring-boot-starter-web\2.3.5.RELEASE\spring-boot-starter-web-2.3.5.RELEASE.jar;E:\T1810 xing\apache-maven-3.6.3\project\org\springframework\boot\spring-boot-starter\2.3.5.RELEASE\spring-boot-starter-2.3.5.RELEASE.jar;E:\T1810 xing\apache-maven-3.6.3\project\org\springframework\boot\spring-boot-starter-logging\2.3.5.RELEASE\spring-boot-starter-logging-2.3.5.RELEASE.jar;E:\T1810 xing\apache-maven-3.6.3\project\ch\qos\logback\logback-classic\1.2.3\logback-classic-1.2.3.jar;E:\T1810 xing\apache-maven-3.6.3\project\ch\qos\logback\logback-core\1.2.3\logback-core-1.2.3.jar;E:\T1810 xing\apache-maven-3.6.3\project\org\apache\logging\log4j\log4j-to-slf4j\2.13.3\log4j-to-slf4j-2.13.3.jar;E:\T1810 xing\apache-maven-3.6.3\project\org\apache\logging\log4j\log4j-api\2.13.3\log4j-api-2.13.3.jar;E:\T1810 xing\apache-maven-3.6.3\project\org\slf4j\jul-to-slf4j\1.7.30\jul-to-slf4j-1.7.30.jar;E:\T1810 xing\apache-maven-3.6.3\project\jakarta\annotation\jakarta.annotation-api\1.3.5\jakarta.annotation-api-1.3.5.jar;E:\T1810 xing\apache-maven-3.6.3\project\org\yaml\snakeyaml\1.26\snakeyaml-1.26.jar;E:\T1810 xing\apache-maven-3.6.3\project\org\springframework\boot\spring-boot-starter-json\2.3.5.RELEASE\spring-boot-starter-json-2.3.5.RELEASE.jar;E:\T1810 xing\apache-maven-3.6.3\project\com\fasterxml\jackson\core\jackson-databind\2.11.3\jackson-databind-2.11.3.jar;E:\T1810 xing\apache-maven-3.6.3\project\com\fasterxml\jackson\core\jackson-annotations\2.11.3\jackson-annotations-2.11.3.jar;E:\T1810 xing\apache-maven-3.6.3\project\com\fasterxml\jackson\core\jackson-core\2.11.3\jackson-core-2.11.3.jar;E:\T1810 xing\apache-maven-3.6.3\project\com\fasterxml\jackson\datatype\jackson-datatype-jdk8\2.11.3\jackson-datatype-jdk8-2.11.3.jar;E:\T1810 xing\apache-maven-3.6.3\project\com\fasterxml\jackson\datatype\jackson-datatype-jsr310\2.11.3\jackson-datatype-jsr310-2.11.3.jar;E:\T1810 xing\apache-maven-3.6.3\project\com\fasterxml\jackson\module\jackson-module-parameter-names\2.11.3\jackson-module-parameter-names-2.11.3.jar;E:\T1810 xing\apache-maven-3.6.3\project\org\springframework\boot\spring-boot-starter-tomcat\2.3.5.RELEASE\spring-boot-starter-tomcat-2.3.5.RELEASE.jar;E:\T1810 xing\apache-maven-3.6.3\project\org\apache\tomcat\embed\tomcat-embed-core\9.0.39\tomcat-embed-core-9.0.39.jar;E:\T1810 xing\apache-maven-3.6.3\project\org\glassfish\jakarta.el\3.0.3\jakarta.el-3.0.3.jar;E:\T1810 xing\apache-maven-3.6.3\project\org\apache\tomcat\embed\tomcat-embed-websocket\9.0.39\tomcat-embed-websocket-9.0.39.jar;E:\T1810 xing\apache-maven-3.6.3\project\org\springframework\spring-web\5.2.10.RELEASE\spring-web-5.2.10.RELEASE.jar;E:\T1810 xing\apache-maven-3.6.3\project\org\springframework\spring-beans\5.2.10.RELEASE\spring-beans-5.2.10.RELEASE.jar;E:\T1810 xing\apache-maven-3.6.3\project\org\springframework\spring-webmvc\5.2.10.RELEASE\spring-webmvc-5.2.10.RELEASE.jar;E:\T1810 xing\apache-maven-3.6.3\project\org\springframework\spring-aop\5.2.10.RELEASE\spring-aop-5.2.10.RELEASE.jar;E:\T1810 xing\apache-maven-3.6.3\project\org\springframework\spring-context\5.2.10.RELEASE\spring-context-5.2.10.RELEASE.jar;E:\T1810 xing\apache-maven-3.6.3\project\org\springframework\spring-expression\5.2.10.RELEASE\spring-expression-5.2.10.RELEASE.jar;E:\T1810 xing\apache-maven-3.6.3\project\org\springframework\boot\spring-boot-starter-test\2.3.5.RELEASE\spring-boot-starter-test-2.3.5.RELEASE.jar;E:\T1810 xing\apache-maven-3.6.3\project\org\springframework\boot\spring-boot-test\2.3.5.RELEASE\spring-boot-test-2.3.5.RELEASE.jar;E:\T1810 xing\apache-maven-3.6.3\project\org\springframework\boot\spring-boot-test-autoconfigure\2.3.5.RELEASE\spring-boot-test-autoconfigure-2.3.5.RELEASE.jar;E:\T1810 xing\apache-maven-3.6.3\project\com\jayway\jsonpath\json-path\2.4.0\json-path-2.4.0.jar;E:\T1810 xing\apache-maven-3.6.3\project\net\minidev\json-smart\2.3\json-smart-2.3.jar;E:\T1810 xing\apache-maven-3.6.3\project\net\minidev\accessors-smart\1.2\accessors-smart-1.2.jar;E:\T1810 xing\apache-maven-3.6.3\project\org\ow2\asm\asm\5.0.4\asm-5.0.4.jar;E:\T1810 xing\apache-maven-3.6.3\project\org\slf4j\slf4j-api\1.7.30\slf4j-api-1.7.30.jar;E:\T1810 xing\apache-maven-3.6.3\project\jakarta\xml\bind\jakarta.xml.bind-api\2.3.3\jakarta.xml.bind-api-2.3.3.jar;E:\T1810 xing\apache-maven-3.6.3\project\jakarta\activation\jakarta.activation-api\1.2.2\jakarta.activation-api-1.2.2.jar;E:\T1810 xing\apache-maven-3.6.3\project\org\assertj\assertj-core\3.16.1\assertj-core-3.16.1.jar;E:\T1810 xing\apache-maven-3.6.3\project\org\hamcrest\hamcrest\2.2\hamcrest-2.2.jar;E:\T1810 xing\apache-maven-3.6.3\project\org\junit\jupiter\junit-jupiter\5.6.3\junit-jupiter-5.6.3.jar;E:\T1810 xing\apache-maven-3.6.3\project\org\junit\jupiter\junit-jupiter-api\5.6.3\junit-jupiter-api-5.6.3.jar;E:\T1810 xing\apache-maven-3.6.3\project\org\apiguardian\apiguardian-api\1.1.0\apiguardian-api-1.1.0.jar;E:\T1810 xing\apache-maven-3.6.3\project\org\opentest4j\opentest4j\1.2.0\opentest4j-1.2.0.jar;E:\T1810 xing\apache-maven-3.6.3\project\org\junit\platform\junit-platform-commons\1.6.3\junit-platform-commons-1.6.3.jar;E:\T1810 xing\apache-maven-3.6.3\project\org\junit\jupiter\junit-jupiter-params\5.6.3\junit-jupiter-params-5.6.3.jar;E:\T1810 xing\apache-maven-3.6.3\project\org\junit\jupiter\junit-jupiter-engine\5.6.3\junit-jupiter-engine-5.6.3.jar;E:\T1810 xing\apache-maven-3.6.3\project\org\junit\platform\junit-platform-engine\1.6.3\junit-platform-engine-1.6.3.jar;E:\T1810 xing\apache-maven-3.6.3\project\org\mockito\mockito-core\3.3.3\mockito-core-3.3.3.jar;E:\T1810 xing\apache-maven-3.6.3\project\net\bytebuddy\byte-buddy\1.10.17\byte-buddy-1.10.17.jar;E:\T1810 xing\apache-maven-3.6.3\project\net\bytebuddy\byte-buddy-agent\1.10.17\byte-buddy-agent-1.10.17.jar;E:\T1810 xing\apache-maven-3.6.3\project\org\objenesis\objenesis\2.6\objenesis-2.6.jar;E:\T1810 xing\apache-maven-3.6.3\project\org\mockito\mockito-junit-jupiter\3.3.3\mockito-junit-jupiter-3.3.3.jar;E:\T1810 xing\apache-maven-3.6.3\project\org\skyscreamer\jsonassert\1.5.0\jsonassert-1.5.0.jar;E:\T1810 xing\apache-maven-3.6.3\project\com\vaadin\external\google\android-json\0.0.20131108.vaadin1\android-json-0.0.20131108.vaadin1.jar;E:\T1810 xing\apache-maven-3.6.3\project\org\springframework\spring-core\5.2.10.RELEASE\spring-core-5.2.10.RELEASE.jar;E:\T1810 xing\apache-maven-3.6.3\project\org\springframework\spring-jcl\5.2.10.RELEASE\spring-jcl-5.2.10.RELEASE.jar;E:\T1810 xing\apache-maven-3.6.3\project\org\springframework\spring-test\5.2.10.RELEASE\spring-test-5.2.10.RELEASE.jar;E:\T1810 xing\apache-maven-3.6.3\project\org\xmlunit\xmlunit-core\2.7.0\xmlunit-core-2.7.0.jar;E:\T1810 xing\apache-maven-3.6.3\project\org\projectlombok\lombok\1.18.16\lombok-1.18.16.jar;E:\T1810 xing\apache-maven-3.6.3\project\org\springframework\boot\spring-boot-devtools\2.3.5.RELEASE\spring-boot-devtools-2.3.5.RELEASE.jar;E:\T1810 xing\apache-maven-3.6.3\project\org\springframework\boot\spring-boot\2.3.5.RELEASE\spring-boot-2.3.5.RELEASE.jar;E:\T1810 xing\apache-maven-3.6.3\project\org\springframework\boot\spring-boot-autoconfigure\2.3.5.RELEASE\spring-boot-autoconfigure-2.3.5.RELEASE.jar;E:\T1810 xing\apache-maven-3.6.3\project\cn\hutool\hutool-all\5.1.0\hutool-all-5.1.0.jar;"/>
    <property name="sun.cpu.endian" value="little"/>
    <property name="user.home" value="C:\Users\Administrator"/>
    <property name="user.language" value="zh"/>
    <property name="java.specification.vendor" value="Oracle Corporation"/>
    <property name="java.home" value="D:\Program Files\jdk1.8\jre"/>
    <property name="basedir" value="E:\01Test File\springcloud\cloud-common"/>
    <property name="file.separator" value="\"/>
    <property name="line.separator" value="&#10;"/>
    <property name="java.vm.specification.vendor" value="Oracle Corporation"/>
    <property name="java.specification.name" value="Java Platform API Specification"/>
    <property name="java.awt.graphicsenv" value="sun.awt.Win32GraphicsEnvironment"/>
    <property name="idea.version2020.1.3" value="true"/>
    <property name="surefire.real.class.path" value="C:\Users\ADMINI~1\AppData\Local\Temp\surefire672630344938719798\surefirebooter827227302440604727.jar"/>
    <property name="sun.boot.class.path" value="D:\Program Files\jdk1.8\jre\lib\resources.jar;D:\Program Files\jdk1.8\jre\lib\rt.jar;D:\Program Files\jdk1.8\jre\lib\sunrsasign.jar;D:\Program Files\jdk1.8\jre\lib\jsse.jar;D:\Program Files\jdk1.8\jre\lib\jce.jar;D:\Program Files\jdk1.8\jre\lib\charsets.jar;D:\Program Files\jdk1.8\jre\lib\jfr.jar;D:\Program Files\jdk1.8\jre\classes"/>
    <property name="user.script" value=""/>
    <property name="sun.management.compiler" value="HotSpot 64-Bit Tiered Compilers"/>
    <property name="java.runtime.version" value="1.8.0_181-b13"/>
    <property name="user.name" value="Administrator"/>
    <property name="path.separator" value=";"/>
    <property name="os.version" value="10.0"/>
    <property name="java.endorsed.dirs" value="D:\Program Files\jdk1.8\jre\lib\endorsed"/>
    <property name="java.runtime.name" value="Java(TM) SE Runtime Environment"/>
    <property name="file.encoding" value="GBK"/>
    <property name="java.vm.name" value="Java HotSpot(TM) 64-Bit Server VM"/>
    <property name="localRepository" value="E:\T1810 xing\apache-maven-3.6.3\project"/>
    <property name="java.vendor.url.bug" value="http://bugreport.sun.com/bugreport/"/>
    <property name="java.io.tmpdir" value="C:\Users\ADMINI~1\AppData\Local\Temp\"/>
    <property name="java.version" value="1.8.0_181"/>
    <property name="user.dir" value="E:\01Test File\springcloud\cloud-common"/>
    <property name="os.arch" value="amd64"/>
    <property name="java.vm.specification.name" value="Java Virtual Machine Specification"/>
    <property name="java.awt.printerjob" value="sun.awt.windows.WPrinterJob"/>
    <property name="sun.os.patch.level" value=""/>
    <property name="java.library.path" value="D:\Program Files\jdk1.8\jre\bin;C:\Windows\Sun\Java\bin;C:\Windows\system32;C:\Windows;D:\Program Files\NetSarang\Xshell 6\;D:\Program Files\NetSarang\Xftp 6\;D:\app\Administrator\product\11.2.0\dbhome_2\bin;C:\Program Files (x86)\Common Files\Intel\Shared Libraries\redist\intel64_win\compiler;C:\Windows\system32;C:\Windows;C:\Windows\System32\Wbem;C:\Windows\System32\WindowsPowerShell\v1.0\;C:\Windows\System32\OpenSSH\;C:\Program Files (x86)\NVIDIA Corporation\PhysX\Common;C:\Program Files\NVIDIA Corporation\NVIDIA NvDLISR;C:\Program Files\Common Files\Autodesk Shared\;C:\Program Files (x86)\Autodesk\Backburner\;D:\Program Files\nodejs\;D:\Program Files\jdk1.8\bin;C:\Users\Administrator\AppData\Local\Microsoft\WindowsApps;C:\Users\Administrator\AppData\Roaming\npm;."/>
    <property name="java.vm.info" value="mixed mode"/>
    <property name="java.vendor" value="Oracle Corporation"/>
    <property name="java.vm.version" value="25.181-b13"/>
    <property name="java.ext.dirs" value="D:\Program Files\jdk1.8\jre\lib\ext;C:\Windows\Sun\Java\lib\ext"/>
    <property name="sun.io.unicode.encoding" value="UnicodeLittle"/>
    <property name="maven.repo.local" value="E:\T1810 xing\apache-maven-3.6.3\project"/>
    <property name="java.class.version" value="52.0"/>
  </properties>
  <testcase name="contextLoads" classname="cn.siwen.cloud.DemoApplicationTests" time="0.099"/>
</testsuite>